DataSetInfo              : [dataset] : Added class "Signal"
                         : Add Tree ntKp of type Signal with 1148057 events
DataSetInfo              : [dataset] : Added class "Background"
                         : Add Tree ntKp of type Background with 14283085 events
Factory                  : Booking method: [1mPyNN[0m
                         : 
PyNN                     : [dataset] : Create Transformation "N" with events from all classes.
                         : 
                         : Transformation, Variable selection : 
                         : Input : variable 'Btrk1Pt' <---> Output : variable 'Btrk1Pt'
                         : Input : variable 'Trk1DCAz' <---> Output : variable 'Trk1DCAz'
                         : Input : variable 'Trk1DCAxy' <---> Output : variable 'Trk1DCAxy'
                         : Input : variable 'dls' <---> Output : variable 'dls'
                         : Input : variable 'Balpha' <---> Output : variable 'Balpha'
                         : Input : variable 'Bchi2cl' <---> Output : variable 'Bchi2cl'
                         : Using PyTorch - setting special configuration options 
                         : Using PyTorch version 2
                         :  Setup PyTorch Model for training
                         : Loaded pytorch train function: 
                         : Loaded pytorch optimizer: 
                         : Loaded pytorch loss function: 
                         : Loaded pytorch predict function: 
                         : Loaded model from file: dataset/results/modelClassification.pt
Factory                  : Booking method: [1mBDTs[0m
                         : 
                         : Rebuilding Dataset dataset
                         : Building event vectors for type 2 Signal
                         : Dataset[dataset] :  create input formulas for tree ntKp
                         : Building event vectors for type 2 Background
                         : Dataset[dataset] :  create input formulas for tree ntKp
DataSetFactory           : [dataset] : Number of events in input trees
                         : Dataset[dataset] :     Signal     requirement: "(pPAprimaryVertexFilter == 1 && pBeamScrapingFilter == 1 && HLT_HIL1DoubleMu0_v1 == 1)  &&  (Bmu1isTriggered == 1 && Bmu2isTriggered == 1 ) && (Btrk1Pt > 0.5 && Bchi2cl > 0.05 && BsvpvDistance/BsvpvDisErr > 2.0 && Bpt > 2 && abs(Btrk1Eta-0.0) < 2.4  && (TMath::Abs(By)<2.4&&TMath::Abs(Bmumumass-3.096916)<0.15&&((abs(Bmu1eta)<1.2&&Bmu1pt>3.5)||(abs(Bmu1eta)>1.2&&abs(Bmu1eta)<2.1&&Bmu1pt>(5.47-1.89*abs(Bmu1eta)))||(abs(Bmu1eta)>2.1&&abs(Bmu1eta)<2.4&&Bmu1pt>1.5))&&((abs(Bmu2eta)<1.2&&Bmu2pt>3.5)||(abs(Bmu2eta)>1.2&&abs(Bmu2eta)<2.1&&Bmu2pt>(5.47-1.89*abs(Bmu2eta)))||(abs(Bmu2eta)>2.1&&abs(Bmu2eta)<2.4&&Bmu2pt>1.5))&&Bmu1TMOneStationTight&&Bmu2TMOneStationTight&&Bmu1InPixelLayer>0&&(Bmu1InPixelLayer+Bmu1InStripLayer)>5&&Bmu2InPixelLayer>0&&(Bmu2InPixelLayer+Bmu2InStripLayer)>5&&Bmu1dxyPV<0.3&&Bmu2dxyPV<0.3&&Bmu1dzPV<20&&Bmu2dzPV<20&&Bmu1isTrackerMuon&&Bmu2isTrackerMuon&&Bmu1isGlobalMuon&&Bmu2isGlobalMuon&&Btrk1highPurity&&abs(Btrk1Eta)<2.4&&Btrk1Pt>0.5)  && (Btrk1PixelHit + Btrk1StripHit > 10) &&  (Btrk1PtErr/Btrk1Pt < 0.1)&& Btrk1Chi2ndf/(Btrk1nStripLayer+Btrk1nPixelLayer) < 0.18   && (abs(PVz)<15)) && Bgen==23333 && Bpt>10.000000 && Bpt<15.000000 "
                         : Dataset[dataset] :     Signal          -- number of events passed: 79100  / sum of weights: 79100
                         : Dataset[dataset] :     Signal          -- efficiency             : 0.00471473
                         : Dataset[dataset] :     Background requirement: "(pPAprimaryVertexFilter == 1 && pBeamScrapingFilter == 1 && HLT_HIL1DoubleMu0_v1 == 1)  &&  (Bmu1isTriggered == 1 && Bmu2isTriggered == 1 ) && (Btrk1Pt > 0.5 && Bchi2cl > 0.05 && BsvpvDistance/BsvpvDisErr > 2.0 && Bpt > 2 && abs(Btrk1Eta-0.0) < 2.4  && (TMath::Abs(By)<2.4&&TMath::Abs(Bmumumass-3.096916)<0.15&&((abs(Bmu1eta)<1.2&&Bmu1pt>3.5)||(abs(Bmu1eta)>1.2&&abs(Bmu1eta)<2.1&&Bmu1pt>(5.47-1.89*abs(Bmu1eta)))||(abs(Bmu1eta)>2.1&&abs(Bmu1eta)<2.4&&Bmu1pt>1.5))&&((abs(Bmu2eta)<1.2&&Bmu2pt>3.5)||(abs(Bmu2eta)>1.2&&abs(Bmu2eta)<2.1&&Bmu2pt>(5.47-1.89*abs(Bmu2eta)))||(abs(Bmu2eta)>2.1&&abs(Bmu2eta)<2.4&&Bmu2pt>1.5))&&Bmu1TMOneStationTight&&Bmu2TMOneStationTight&&Bmu1InPixelLayer>0&&(Bmu1InPixelLayer+Bmu1InStripLayer)>5&&Bmu2InPixelLayer>0&&(Bmu2InPixelLayer+Bmu2InStripLayer)>5&&Bmu1dxyPV<0.3&&Bmu2dxyPV<0.3&&Bmu1dzPV<20&&Bmu2dzPV<20&&Bmu1isTrackerMuon&&Bmu2isTrackerMuon&&Bmu1isGlobalMuon&&Bmu2isGlobalMuon&&Btrk1highPurity&&abs(Btrk1Eta)<2.4&&Btrk1Pt>0.5)  && (Btrk1PixelHit + Btrk1StripHit > 10) &&  (Btrk1PtErr/Btrk1Pt < 0.1)&& Btrk1Chi2ndf/(Btrk1nStripLayer+Btrk1nPixelLayer) < 0.18   && (abs(PVz)<15)) &&  ((Bmass - 5.27929 ) > 0.25 &&  (Bmass - 5.27929) < 0.30) && Bpt>10.000000 && Bpt<15.000000"
                         : Dataset[dataset] :     Background      -- number of events passed: 10501  / sum of weights: 10501
                         : Dataset[dataset] :     Background      -- efficiency             : 0.000625908
                         : Dataset[dataset] :  you have opted for interpreting the requested number of training/testing events
                         :  to be the number of events AFTER your preselection cuts
                         : 
                         : Dataset[dataset] :  you have opted for interpreting the requested number of training/testing events
                         :  to be the number of events AFTER your preselection cuts
                         : 
                         : Number of training and testing events
                         : ---------------------------------------------------------------------------
                         : Signal     -- training events            : 39550
                         : Signal     -- testing events             : 39550
                         : Signal     -- training and testing events: 79100
                         : Dataset[dataset] : Signal     -- due to the preselection a scaling factor has been applied to the numbers of requested events: 0.00374892
                         : Background -- training events            : 5250
                         : Background -- testing events             : 5250
                         : Background -- training and testing events: 10500
                         : Dataset[dataset] : Background -- due to the preselection a scaling factor has been applied to the numbers of requested events: 8.40035e-05
                         : 
DataSetInfo              : Correlation matrix (Signal):
                         : -------------------------------------------------------------
                         :            Btrk1Pt Trk1DCAz Trk1DCAxy     dls  Balpha Bchi2cl
                         :   Btrk1Pt:  +1.000   +0.062    -0.062  -0.029  -0.014  -0.011
                         :  Trk1DCAz:  +0.062   +1.000    +0.057  +0.875  +0.559  -0.004
                         : Trk1DCAxy:  -0.062   +0.057    +1.000  +0.088  +0.001  +0.000
                         :       dls:  -0.029   +0.875    +0.088  +1.000  +0.545  -0.004
                         :    Balpha:  -0.014   +0.559    +0.001  +0.545  +1.000  -0.001
                         :   Bchi2cl:  -0.011   -0.004    +0.000  -0.004  -0.001  +1.000
                         : -------------------------------------------------------------
DataSetInfo              : Correlation matrix (Background):
                         : -------------------------------------------------------------
                         :            Btrk1Pt Trk1DCAz Trk1DCAxy     dls  Balpha Bchi2cl
                         :   Btrk1Pt:  +1.000   +0.103    +0.081  -0.002  +0.060  -0.018
                         :  Trk1DCAz:  +0.103   +1.000    -0.024  +0.800  +0.118  +0.114
                         : Trk1DCAxy:  +0.081   -0.024    +1.000  -0.033  -0.003  -0.064
                         :       dls:  -0.002   +0.800    -0.033  +1.000  +0.134  +0.110
                         :    Balpha:  +0.060   +0.118    -0.003  +0.134  +1.000  +0.056
                         :   Bchi2cl:  -0.018   +0.114    -0.064  +0.110  +0.056  +1.000
                         : -------------------------------------------------------------
DataSetFactory           : [dataset] :  
                         : 
Factory                  : [1mTrain all methods[0m
Factory                  : [dataset] : Create Transformation "I" with events from all classes.
                         : 
                         : Transformation, Variable selection : 
                         : Input : variable 'Btrk1Pt' <---> Output : variable 'Btrk1Pt'
                         : Input : variable 'Trk1DCAz' <---> Output : variable 'Trk1DCAz'
                         : Input : variable 'Trk1DCAxy' <---> Output : variable 'Trk1DCAxy'
                         : Input : variable 'dls' <---> Output : variable 'dls'
                         : Input : variable 'Balpha' <---> Output : variable 'Balpha'
                         : Input : variable 'Bchi2cl' <---> Output : variable 'Bchi2cl'
Factory                  : [dataset] : Create Transformation "D" with events from all classes.
                         : 
                         : Transformation, Variable selection : 
                         : Input : variable 'Btrk1Pt' <---> Output : variable 'Btrk1Pt'
                         : Input : variable 'Trk1DCAz' <---> Output : variable 'Trk1DCAz'
                         : Input : variable 'Trk1DCAxy' <---> Output : variable 'Trk1DCAxy'
                         : Input : variable 'dls' <---> Output : variable 'dls'
                         : Input : variable 'Balpha' <---> Output : variable 'Balpha'
                         : Input : variable 'Bchi2cl' <---> Output : variable 'Bchi2cl'
Factory                  : [dataset] : Create Transformation "P" with events from all classes.
                         : 
                         : Transformation, Variable selection : 
                         : Input : variable 'Btrk1Pt' <---> Output : variable 'Btrk1Pt'
                         : Input : variable 'Trk1DCAz' <---> Output : variable 'Trk1DCAz'
                         : Input : variable 'Trk1DCAxy' <---> Output : variable 'Trk1DCAxy'
                         : Input : variable 'dls' <---> Output : variable 'dls'
                         : Input : variable 'Balpha' <---> Output : variable 'Balpha'
                         : Input : variable 'Bchi2cl' <---> Output : variable 'Bchi2cl'
Factory                  : [dataset] : Create Transformation "G" with events from all classes.
                         : 
                         : Transformation, Variable selection : 
                         : Input : variable 'Btrk1Pt' <---> Output : variable 'Btrk1Pt'
                         : Input : variable 'Trk1DCAz' <---> Output : variable 'Trk1DCAz'
                         : Input : variable 'Trk1DCAxy' <---> Output : variable 'Trk1DCAxy'
                         : Input : variable 'dls' <---> Output : variable 'dls'
                         : Input : variable 'Balpha' <---> Output : variable 'Balpha'
                         : Input : variable 'Bchi2cl' <---> Output : variable 'Bchi2cl'
Factory                  : [dataset] : Create Transformation "D" with events from all classes.
                         : 
                         : Transformation, Variable selection : 
                         : Input : variable 'Btrk1Pt' <---> Output : variable 'Btrk1Pt'
                         : Input : variable 'Trk1DCAz' <---> Output : variable 'Trk1DCAz'
                         : Input : variable 'Trk1DCAxy' <---> Output : variable 'Trk1DCAxy'
                         : Input : variable 'dls' <---> Output : variable 'dls'
                         : Input : variable 'Balpha' <---> Output : variable 'Balpha'
                         : Input : variable 'Bchi2cl' <---> Output : variable 'Bchi2cl'
TFHandler_Factory        :  Variable         Mean         RMS   [        Min         Max ]
                         : ----------------------------------------------------------------
                         :   Btrk1Pt:     2.5894     1.7192   [    0.50005     9.9629 ]
                         :  Trk1DCAz:     140.15     463.59   [ 0.00019647     7924.9 ]
                         : Trk1DCAxy:     9.4921     12.338   [ 9.5485e-05     180.17 ]
                         :       dls:     200.87     608.20   [     2.0002     10267. ]
                         :    Balpha:    0.35526    0.77935   [ 2.4962e-05     3.1402 ]
                         :   Bchi2cl:    0.51619    0.28440   [   0.050007    0.99998 ]
                         : ----------------------------------------------------------------
                         : Preparing the Decorrelation transformation...
TFHandler_Factory        :  Variable         Mean         RMS   [        Min         Max ]
                         : ----------------------------------------------------------------
                         :   Btrk1Pt:     1.5396     1.0000   [    -1.1781     5.9654 ]
                         :  Trk1DCAz:    0.17136     1.0000   [    -11.071     18.440 ]
                         : Trk1DCAxy:    0.74543     1.0000   [   -0.87962     14.611 ]
                         :       dls:    0.28352     1.0000   [    -3.8442     16.875 ]
                         :    Balpha:    0.63334     1.0000   [    -5.8694     5.0445 ]
                         :   Bchi2cl:     1.7615     1.0000   [   -0.25007     3.6197 ]
                         : ----------------------------------------------------------------
                         : Preparing the Principle Component (PCA) transformation...
TFHandler_Factory        :  Variable         Mean         RMS   [        Min         Max ]
                         : ----------------------------------------------------------------
                         :   Btrk1Pt: 3.6664e-08     739.38   [    -243.26     11507. ]
                         :  Trk1DCAz: 4.7238e-08     195.27   [    -3356.3     3682.1 ]
                         : Trk1DCAxy: 4.1418e-10     12.307   [    -170.47     19.814 ]
                         :       dls:-1.2416e-10     1.6891   [    -4.3434     7.4818 ]
                         :    Balpha: 6.4738e-11    0.68242   [    -4.4383     3.1506 ]
                         :   Bchi2cl: 4.4773e-11    0.28367   [   -0.55173    0.56516 ]
                         : ----------------------------------------------------------------
                         : Preparing the Gaussian transformation...
                         : Preparing the Decorrelation transformation...
TFHandler_Factory        :  Variable         Mean         RMS   [        Min         Max ]
                         : ----------------------------------------------------------------
                         :   Btrk1Pt:  0.0030534     1.0000   [    -3.5428     6.0092 ]
                         :  Trk1DCAz: -0.0039319     1.0000   [    -4.6199     6.4292 ]
                         : Trk1DCAxy:-2.2908e-05     1.0000   [    -4.1694     6.2956 ]
                         :       dls:   0.018916     1.0000   [    -3.1662     7.8271 ]
                         :    Balpha:  0.0046672     1.0000   [    -4.0479     6.4367 ]
                         :   Bchi2cl:  0.0033294     1.0000   [    -3.2941     5.8138 ]
                         : ----------------------------------------------------------------
                         : Ranking input variables (method unspecific)...
IdTransformation         : Ranking result (top variable is best ranked)
                         : ----------------------------------
                         : Rank : Variable  : Separation
                         : ----------------------------------
                         :    1 : Trk1DCAxy : 5.060e-01
                         :    2 : Btrk1Pt   : 4.514e-01
                         :    3 : Balpha    : 3.524e-01
                         :    4 : Bchi2cl   : 5.549e-02
                         :    5 : Trk1DCAz  : 2.496e-02
                         :    6 : dls       : 1.710e-02
                         : ----------------------------------
Factory                  : Train method: PyNN for Classification
                         : 
                         : 
                         : [1m================================================================[0m
                         : [1mH e l p   f o r   M V A   m e t h o d   [ PyNN ] :[0m
                         : 
                         : PyTorch is a scientific computing package supporting
                         : automatic differentiation. This method wraps the training
                         : and predictions steps of the PyTorch Python package for
                         : TMVA, so that dataloading, preprocessing and evaluation
                         : can be done within the TMVA system. To use this PyTorch
                         : interface, you need to generatea model with PyTorch first.
                         : Then, this model can be loaded and trained in TMVA.
                         : 
                         : 
                         : <Suppress this message by specifying "!H" in the booking option>
                         : [1m================================================================[0m
                         : 
TFHandler_PyNN           :  Variable         Mean         RMS   [        Min         Max ]
                         : ----------------------------------------------------------------
                         :   Btrk1Pt:   -0.55841    0.36335   [    -1.0000     1.0000 ]
                         :  Trk1DCAz:   -0.96463    0.11700   [    -1.0000     1.0000 ]
                         : Trk1DCAxy:   -0.89463    0.13695   [    -1.0000     1.0000 ]
                         :       dls:   -0.96125    0.11850   [    -1.0000     1.0000 ]
                         :    Balpha:   -0.77375    0.49637   [    -1.0000     1.0000 ]
                         :   Bchi2cl:  -0.018523    0.59876   [    -1.0000     1.0000 ]
                         : ----------------------------------------------------------------
TFHandler_PyNN           :  Variable         Mean         RMS   [        Min         Max ]
                         : ----------------------------------------------------------------
                         :   Btrk1Pt:   -0.55841    0.36335   [    -1.0000     1.0000 ]
                         :  Trk1DCAz:   -0.96463    0.11700   [    -1.0000     1.0000 ]
                         : Trk1DCAxy:   -0.89463    0.13695   [    -1.0000     1.0000 ]
                         :       dls:   -0.96125    0.11850   [    -1.0000     1.0000 ]
                         :    Balpha:   -0.77375    0.49637   [    -1.0000     1.0000 ]
                         :   Bchi2cl:  -0.018523    0.59876   [    -1.0000     1.0000 ]
                         : ----------------------------------------------------------------
                         : Split TMVA training data in 35840 training events and 8960 validation events
                         : Print Training Model Architecture
                         : Option SaveBestOnly: Only model weights with smallest validation loss will be stored
                         : Elapsed time for training with 44800 events: 18.4 sec         
PyNN                     : [dataset] : Evaluation of PyNN on training sample (44800 events)
                         : Elapsed time for evaluation of 44800 events: 0.663 sec       
                         : Creating xml weight file: [0;36mdataset/weights/TMVA_pytorch_10.0_15.0_0_2_4_7_8_11/TMVAClassification_PyNN.weights.xml[0m
                         : Creating standalone class: [0;36mdataset/weights/TMVA_pytorch_10.0_15.0_0_2_4_7_8_11/TMVAClassification_PyNN.class.C[0m
Factory                  : Training finished
                         : 
Factory                  : Train method: BDTs for Classification
                         : 
BDTs                     : #events: (reweighted) sig: 22400 bkg: 22400
                         : #events: (unweighted) sig: 39550 bkg: 5250
                         : Training 200 Decision Trees ... patience please
0%, time left: unknown
7%, time left: 1 sec
13%, time left: 1 sec
19%, time left: 1 sec
25%, time left: 1 sec
32%, time left: 1 sec
38%, time left: 1 sec
44%, time left: 0 sec
50%, time left: 0 sec
57%, time left: 0 sec
63%, time left: 0 sec
69%, time left: 0 sec
75%, time left: 0 sec
82%, time left: 0 sec
88%, time left: 0 sec
94%, time left: 0 sec
                         : Elapsed time for training with 44800 events: 1.84 sec         
BDTs                     : [dataset] : Evaluation of BDTs on training sample (44800 events)
0%, time left: unknown
7%, time left: 0 sec
13%, time left: 0 sec
19%, time left: 0 sec
25%, time left: 0 sec
32%, time left: 0 sec
38%, time left: 0 sec
44%, time left: 0 sec
50%, time left: 0 sec
57%, time left: 0 sec
63%, time left: 0 sec
69%, time left: 0 sec
75%, time left: 0 sec
82%, time left: 0 sec
88%, time left: 0 sec
94%, time left: 0 sec
                         : Elapsed time for evaluation of 44800 events: 0.313 sec       
                         : Creating xml weight file: [0;36mdataset/weights/TMVA_pytorch_10.0_15.0_0_2_4_7_8_11/TMVAClassification_BDTs.weights.xml[0m
                         : Creating standalone class: [0;36mdataset/weights/TMVA_pytorch_10.0_15.0_0_2_4_7_8_11/TMVAClassification_BDTs.class.C[0m
                         : dataset/results/rootfiles/TMVA_pytorch_10.0_15.0_0_2_4_7_8_11.root:/dataset/Method_BDT/BDTs
Factory                  : Training finished
                         : 
                         : Ranking input variables (method specific)...
                         : No variable ranking supplied by classifier: PyNN
BDTs                     : Ranking result (top variable is best ranked)
                         : -------------------------------------------
                         : Rank : Variable  : Variable Importance
                         : -------------------------------------------
                         :    1 : Trk1DCAxy : 2.358e-01
                         :    2 : Btrk1Pt   : 2.110e-01
                         :    3 : Balpha    : 1.896e-01
                         :    4 : Bchi2cl   : 1.795e-01
                         :    5 : dls       : 1.003e-01
                         :    6 : Trk1DCAz  : 8.393e-02
                         : -------------------------------------------
Factory                  : === Destroy and recreate all methods via weight files for testing ===
                         : 
                         : Reading weight file: [0;36mdataset/weights/TMVA_pytorch_10.0_15.0_0_2_4_7_8_11/TMVAClassification_PyNN.weights.xml[0m
                         : Reading weight file: [0;36mdataset/weights/TMVA_pytorch_10.0_15.0_0_2_4_7_8_11/TMVAClassification_BDTs.weights.xml[0m
Factory                  : [1mTest all methods[0m
Factory                  : Test method: PyNN for Classification performance
                         : 
                         :  Setup PyTorch Model for training
                         : Loaded pytorch train function: 
                         : Loaded pytorch optimizer: 
                         : Loaded pytorch loss function: 
                         : Loaded pytorch predict function: 
                         : Loaded model from file: dataset/results/trainedModelClassification.pt
PyNN                     : [dataset] : Evaluation of PyNN on testing sample (44800 events)
                         : Elapsed time for evaluation of 44800 events: 0.472 sec       
Factory                  : Test method: BDTs for Classification performance
                         : 
BDTs                     : [dataset] : Evaluation of BDTs on testing sample (44800 events)
0%, time left: unknown
7%, time left: 0 sec
13%, time left: 0 sec
19%, time left: 0 sec
25%, time left: 0 sec
32%, time left: 0 sec
38%, time left: 0 sec
44%, time left: 0 sec
50%, time left: 0 sec
57%, time left: 0 sec
63%, time left: 0 sec
69%, time left: 0 sec
75%, time left: 0 sec
82%, time left: 0 sec
88%, time left: 0 sec
94%, time left: 0 sec
                         : Elapsed time for evaluation of 44800 events: 0.302 sec       
Factory                  : [1mEvaluate all methods[0m
Factory                  : Evaluate classifier: PyNN
                         : 
TFHandler_PyNN           :  Variable         Mean         RMS   [        Min         Max ]
                         : ----------------------------------------------------------------
                         :   Btrk1Pt:   -0.55815    0.36322   [    -1.0000     1.0194 ]
                         :  Trk1DCAz:   -0.96536    0.11610   [    -1.0000     1.4022 ]
                         : Trk1DCAxy:   -0.89575    0.13705   [    -1.0000     1.5263 ]
                         :       dls:   -0.96211    0.11639   [    -1.0000    0.81375 ]
                         :    Balpha:   -0.77273    0.49703   [   -0.99999    0.99945 ]
                         :   Bchi2cl:  -0.018155    0.59604   [    -1.0000     1.0000 ]
                         : ----------------------------------------------------------------
PyNN                     : [dataset] : Loop over test events and fill histograms with classifier response...
                         : 
TFHandler_PyNN           :  Variable         Mean         RMS   [        Min         Max ]
                         : ----------------------------------------------------------------
                         :   Btrk1Pt:   -0.55815    0.36322   [    -1.0000     1.0194 ]
                         :  Trk1DCAz:   -0.96536    0.11610   [    -1.0000     1.4022 ]
                         : Trk1DCAxy:   -0.89575    0.13705   [    -1.0000     1.5263 ]
                         :       dls:   -0.96211    0.11639   [    -1.0000    0.81375 ]
                         :    Balpha:   -0.77273    0.49703   [   -0.99999    0.99945 ]
                         :   Bchi2cl:  -0.018155    0.59604   [    -1.0000     1.0000 ]
                         : ----------------------------------------------------------------
Factory                  : Evaluate classifier: BDTs
                         : 
BDTs                     : [dataset] : Loop over test events and fill histograms with classifier response...
                         : 
TFHandler_BDTs           :  Variable         Mean         RMS   [        Min         Max ]
                         : ----------------------------------------------------------------
                         :   Btrk1Pt:     2.5906     1.7185   [    0.50001     10.055 ]
                         :  Trk1DCAz:     137.27     460.04   [ 4.0181e-05     9518.8 ]
                         : Trk1DCAxy:     9.3912     12.346   [ 1.8530e-05     227.59 ]
                         :       dls:     196.45     597.32   [     2.0003     9310.6 ]
                         :    Balpha:    0.35687    0.78038   [ 4.7632e-05     3.1393 ]
                         :   Bchi2cl:    0.51637    0.28311   [   0.050002    0.99997 ]
                         : ----------------------------------------------------------------
                         : 
                         : Evaluation results ranked by best signal efficiency and purity (area)
                         : -------------------------------------------------------------------------------------------------------------------
                         : DataSet       MVA                       
                         : Name:         Method:          ROC-integ
                         : dataset       BDTs           : 0.982
                         : dataset       PyNN           : 0.965
                         : -------------------------------------------------------------------------------------------------------------------
                         : 
                         : Testing efficiency compared to training efficiency (overtraining check)
                         : -------------------------------------------------------------------------------------------------------------------
                         : DataSet              MVA              Signal efficiency: from test sample (from training sample) 
                         : Name:                Method:          @B=0.01             @B=0.10            @B=0.30   
                         : -------------------------------------------------------------------------------------------------------------------
                         : dataset              BDTs           : 0.784 (0.825)       0.956 (0.956)      0.987 (0.986)
                         : dataset              PyNN           : 0.000 (0.000)       0.916 (0.916)      0.978 (0.977)
                         : -------------------------------------------------------------------------------------------------------------------
                         : 
Dataset:dataset          : Created tree 'TestTree' with 44800 events
                         : 
Dataset:dataset          : Created tree 'TrainTree' with 44800 events
                         : 
Factory                  : [1mThank you for using TMVA![0m
                         : [1mFor citation information, please visit: http://tmva.sf.net/citeTMVA.html[0m
Info in <TCanvas::Print>: file dataset/results/ROC_ClassificationPyTorch_10.0_15.0_0_2_4_7_8_11.png has been created
--- Launch TMVA GUI to view input file: dataset/results/rootfiles/TMVA_pytorch_10.0_15.0_0_2_4_7_8_11.root
=== Note: inactive buttons indicate classifiers that were not trained, ===
===       or functionalities that were not invoked during the training ===
RecursiveScriptModule(
  original_name=Sequential
  (0): RecursiveScriptModule(original_name=Linear)
  (1): RecursiveScriptModule(original_name=Tanh)
  (2): RecursiveScriptModule(original_name=Dropout)
  (3): RecursiveScriptModule(original_name=Linear)
  (4): RecursiveScriptModule(original_name=Tanh)
  (5): RecursiveScriptModule(original_name=Dropout)
  (6): RecursiveScriptModule(original_name=Linear)
  (7): RecursiveScriptModule(original_name=Tanh)
  (8): RecursiveScriptModule(original_name=Dropout)
  (9): RecursiveScriptModule(original_name=Linear)
  (10): RecursiveScriptModule(original_name=Tanh)
  (11): RecursiveScriptModule(original_name=Dropout)
  (12): RecursiveScriptModule(original_name=Linear)
  (13): RecursiveScriptModule(original_name=Tanh)
  (14): RecursiveScriptModule(original_name=Dropout)
  (15): RecursiveScriptModule(original_name=Linear)
  (16): RecursiveScriptModule(original_name=Softmax)
)
custom objects for loading model :  {'optimizer': <class 'torch.optim.adam.Adam'>, 'criterion': CrossEntropyLoss(), 'train_func': <function train at 0x7f5dcf6f94e0>, 'predict_func': <function predict at 0x7f5cd7796840>}
RecursiveScriptModule(
  original_name=Sequential
  (0): RecursiveScriptModule(original_name=Linear)
  (1): RecursiveScriptModule(original_name=Tanh)
  (2): RecursiveScriptModule(original_name=Dropout)
  (3): RecursiveScriptModule(original_name=Linear)
  (4): RecursiveScriptModule(original_name=Tanh)
  (5): RecursiveScriptModule(original_name=Dropout)
  (6): RecursiveScriptModule(original_name=Linear)
  (7): RecursiveScriptModule(original_name=Tanh)
  (8): RecursiveScriptModule(original_name=Dropout)
  (9): RecursiveScriptModule(original_name=Linear)
  (10): RecursiveScriptModule(original_name=Tanh)
  (11): RecursiveScriptModule(original_name=Dropout)
  (12): RecursiveScriptModule(original_name=Linear)
  (13): RecursiveScriptModule(original_name=Tanh)
  (14): RecursiveScriptModule(original_name=Dropout)
  (15): RecursiveScriptModule(original_name=Linear)
  (16): RecursiveScriptModule(original_name=Softmax)
)
[1, 32] train loss: 0.455
[1, 64] train loss: 0.435
[1, 96] train loss: 0.428
[1, 128] train loss: 0.434
[1] val loss: 0.435
[2, 32] train loss: 0.421
[2, 64] train loss: 0.435
[2, 96] train loss: 0.428
[2, 128] train loss: 0.434
[2] val loss: 0.435
[3, 32] train loss: 0.421
[3, 64] train loss: 0.435
[3, 96] train loss: 0.428
[3, 128] train loss: 0.434
[3] val loss: 0.435
[4, 32] train loss: 0.421
[4, 64] train loss: 0.429
[4, 96] train loss: 0.411
[4, 128] train loss: 0.401
[4] val loss: 0.405
[5, 32] train loss: 0.392
[5, 64] train loss: 0.391
[5, 96] train loss: 0.395
[5, 128] train loss: 0.385
[5] val loss: 0.383
[6, 32] train loss: 0.388
[6, 64] train loss: 0.386
[6, 96] train loss: 0.381
[6, 128] train loss: 0.381
[6] val loss: 0.382
[7, 32] train loss: 0.384
[7, 64] train loss: 0.385
[7, 96] train loss: 0.379
[7, 128] train loss: 0.378
[7] val loss: 0.379
[8, 32] train loss: 0.376
[8, 64] train loss: 0.382
[8, 96] train loss: 0.377
[8, 128] train loss: 0.376
[8] val loss: 0.378
[9, 32] train loss: 0.376
[9, 64] train loss: 0.382
[9, 96] train loss: 0.376
[9, 128] train loss: 0.375
[9] val loss: 0.376
[10, 32] train loss: 0.376
[10, 64] train loss: 0.385
[10, 96] train loss: 0.383
[10, 128] train loss: 0.375
[10] val loss: 0.376
[11, 32] train loss: 0.373
[11, 64] train loss: 0.378
[11, 96] train loss: 0.375
[11, 128] train loss: 0.374
[11] val loss: 0.375
[12, 32] train loss: 0.374
[12, 64] train loss: 0.381
[12, 96] train loss: 0.380
[12, 128] train loss: 0.374
[12] val loss: 0.375
[13, 32] train loss: 0.372
[13, 64] train loss: 0.376
[13, 96] train loss: 0.374
[13, 128] train loss: 0.373
[13] val loss: 0.373
[14, 32] train loss: 0.373
[14, 64] train loss: 0.379
[14, 96] train loss: 0.375
[14, 128] train loss: 0.372
[14] val loss: 0.373
[15, 32] train loss: 0.372
[15, 64] train loss: 0.376
[15, 96] train loss: 0.373
[15, 128] train loss: 0.372
[15] val loss: 0.372
[16, 32] train loss: 0.372
[16, 64] train loss: 0.377
[16, 96] train loss: 0.372
[16, 128] train loss: 0.371
[16] val loss: 0.372
[17, 32] train loss: 0.371
[17, 64] train loss: 0.376
[17, 96] train loss: 0.372
[17, 128] train loss: 0.371
[17] val loss: 0.372
[18, 32] train loss: 0.371
[18, 64] train loss: 0.375
[18, 96] train loss: 0.372
[18, 128] train loss: 0.370
[18] val loss: 0.371
[19, 32] train loss: 0.370
[19, 64] train loss: 0.374
[19, 96] train loss: 0.372
[19, 128] train loss: 0.370
[19] val loss: 0.371
[20, 32] train loss: 0.370
[20, 64] train loss: 0.373
[20, 96] train loss: 0.372
[20, 128] train loss: 0.370
[20] val loss: 0.371
[21, 32] train loss: 0.370
[21, 64] train loss: 0.373
[21, 96] train loss: 0.371
[21, 128] train loss: 0.369
[21] val loss: 0.370
[22, 32] train loss: 0.369
[22, 64] train loss: 0.372
[22, 96] train loss: 0.371
[22, 128] train loss: 0.369
[22] val loss: 0.370
[23, 32] train loss: 0.369
[23, 64] train loss: 0.372
[23, 96] train loss: 0.371
[23, 128] train loss: 0.369
[23] val loss: 0.370
[24, 32] train loss: 0.369
[24, 64] train loss: 0.371
[24, 96] train loss: 0.371
[24, 128] train loss: 0.369
[24] val loss: 0.370
[25, 32] train loss: 0.369
[25, 64] train loss: 0.371
[25, 96] train loss: 0.371
[25, 128] train loss: 0.369
[25] val loss: 0.370
[26, 32] train loss: 0.369
[26, 64] train loss: 0.371
[26, 96] train loss: 0.371
[26, 128] train loss: 0.368
[26] val loss: 0.370
[27, 32] train loss: 0.369
[27, 64] train loss: 0.371
[27, 96] train loss: 0.371
[27, 128] train loss: 0.368
[27] val loss: 0.370
[28, 32] train loss: 0.368
[28, 64] train loss: 0.371
[28, 96] train loss: 0.370
[28, 128] train loss: 0.368
[28] val loss: 0.369
[29, 32] train loss: 0.368
[29, 64] train loss: 0.371
[29, 96] train loss: 0.370
[29, 128] train loss: 0.368
[29] val loss: 0.369
[30, 32] train loss: 0.368
[30, 64] train loss: 0.371
[30, 96] train loss: 0.370
[30, 128] train loss: 0.368
[30] val loss: 0.369
Finished Training on 30 Epochs!
custom objects for loading model :  {'optimizer': <class 'torch.optim.adam.Adam'>, 'criterion': CrossEntropyLoss(), 'train_func': <function train at 0x7f5dcf6f94e0>, 'predict_func': <function predict at 0x7f5cd7796840>}
